<?xml version="1.0" encoding="UTF-8" ?>
<testsuite tests="3" failures="2" name="com.crypto.repositories.MongoRepositoryTest" time="0.102" errors="0" skipped="0">
  <properties>
[...]
</properties>
  <testcase classname="com.crypto.repositories.MongoRepositoryTest" name="com.crypto.repositories.MongoRepositoryTest.testPersistAndRetrieveQuotes" time="0.077">
    <failure type="java.lang.NullPointerException">java.lang.NullPointerException
	at com.crypto.repositories.MongoRepositoryTest.testPersistAndRetrieveQuotes(MongoRepositoryTest.java:100)
</failure>
  </testcase>
  <testcase classname="com.crypto.repositories.MongoRepositoryTest" name="com.crypto.repositories.MongoRepositoryTest.testInsert" time="0.004">
    <failure type="java.lang.NullPointerException">java.lang.NullPointerException
	at com.crypto.repositories.MongoRepositoryTest.testInsert(MongoRepositoryTest.java:71)
</failure>
  </testcase>
  <testcase classname="com.crypto.repositories.MongoRepositoryTest" name="com.crypto.repositories.MongoRepositoryTest.testSerialization" time="0.021"/>
</testsuite>